<?xml version='1.0' encoding='utf-8'?>
<testsuite name="cyclonedx-environmentvars-migration-fixtures" tests="36" failures="0"><testcase classname="SCHEMA_ACCEPTANCE" name="candidate-boolean:base" /><testcase classname="SCHEMA_ACCEPTANCE" name="candidate-boolean:candidate" /><testcase classname="SEMANTIC_MIGRATION" name="candidate-boolean:migration" /><testcase classname="SCHEMA_ACCEPTANCE" name="candidate-empty-name:base" /><testcase classname="SCHEMA_ACCEPTANCE" name="candidate-empty-name:candidate" /><testcase classname="SEMANTIC_MIGRATION" name="candidate-empty-name:migration" /><testcase classname="SCHEMA_ACCEPTANCE" name="candidate-nested-object:base" /><testcase classname="SCHEMA_ACCEPTANCE" name="candidate-nested-object:candidate" /><testcase classname="SEMANTIC_MIGRATION" name="candidate-nested-object:migration" /><testcase classname="SCHEMA_ACCEPTANCE" name="candidate-null-unset:base" /><testcase classname="SCHEMA_ACCEPTANCE" name="candidate-null-unset:candidate" /><testcase classname="SEMANTIC_MIGRATION" name="candidate-null-unset:migration" /><testcase classname="SCHEMA_ACCEPTANCE" name="candidate-number:base" /><testcase classname="SCHEMA_ACCEPTANCE" name="candidate-number:candidate" /><testcase classname="SEMANTIC_MIGRATION" name="candidate-number:migration" /><testcase classname="SCHEMA_ACCEPTANCE" name="candidate-string-map:base" /><testcase classname="SCHEMA_ACCEPTANCE" name="candidate-string-map:candidate" /><testcase classname="SEMANTIC_MIGRATION" name="candidate-string-map:migration" /><testcase classname="SCHEMA_ACCEPTANCE" name="legacy-conflicting-name:base" /><testcase classname="SCHEMA_ACCEPTANCE" name="legacy-conflicting-name:candidate" /><testcase classname="SEMANTIC_MIGRATION" name="legacy-conflicting-name:migration" /><testcase classname="SCHEMA_ACCEPTANCE" name="legacy-empty-name:base" /><testcase classname="SCHEMA_ACCEPTANCE" name="legacy-empty-name:candidate" /><testcase classname="SEMANTIC_MIGRATION" name="legacy-empty-name:migration" /><testcase classname="SCHEMA_ACCEPTANCE" name="legacy-plain-flag:base" /><testcase classname="SCHEMA_ACCEPTANCE" name="legacy-plain-flag:candidate" /><testcase classname="SEMANTIC_MIGRATION" name="legacy-plain-flag:migration" /><testcase classname="SCHEMA_ACCEPTANCE" name="legacy-posix-assignment:base" /><testcase classname="SCHEMA_ACCEPTANCE" name="legacy-posix-assignment:candidate" /><testcase classname="SEMANTIC_MIGRATION" name="legacy-posix-assignment:migration" /><testcase classname="SCHEMA_ACCEPTANCE" name="legacy-powershell-assignment:base" /><testcase classname="SCHEMA_ACCEPTANCE" name="legacy-powershell-assignment:candidate" /><testcase classname="SEMANTIC_MIGRATION" name="legacy-powershell-assignment:migration" /><testcase classname="SCHEMA_ACCEPTANCE" name="legacy-unique-pairs:base" /><testcase classname="SCHEMA_ACCEPTANCE" name="legacy-unique-pairs:candidate" /><testcase classname="SEMANTIC_MIGRATION" name="legacy-unique-pairs:migration" /></testsuite>